<?xml version="1.0" encoding="UTF-8"?>
<!-- Generated by org.testng.reporters.JUnitReportReporter -->
<testsuite hostname="Truptesh" failures="0" tests="1" name="testRunner.RunnerTest" time="30.680" errors="0" timestamp="28 Mar 2021 16:52:17 GMT" skipped="0">
  <testcase classname="testRunner.RunnerTest" name="runScenario" time="30.680"/>
</testsuite> <!-- testRunner.RunnerTest -->
