<?xml version="1.0" encoding="UTF-8"?>
<!-- Generated by org.testng.reporters.JUnitReportReporter -->
<testsuite hostname="Truptesh" failures="0" tests="1" name="testRunner.RunnerTest" time="31.849" errors="0" timestamp="28 Mar 2021 17:00:59 GMT" skipped="0">
  <testcase classname="testRunner.RunnerTest" name="runScenario" time="31.849"/>
</testsuite> <!-- testRunner.RunnerTest -->
